#
# A fatal error has been detected by the Java Runtime Environment:
#
#  EXCEPTION_ACCESS_VIOLATION (0xc0000005) at pc=0x6e859647, pid=3460, tid=3700
#
# JRE version: 7.0_25-b16
# Java VM: Java HotSpot(TM) Client VM (23.25-b01 mixed mode, sharing windows-x86 )
# Problematic frame:
# V  [jvm.dll+0x99647]
#
# Failed to write core dump. Minidumps are not enabled by default on client versions of Windows
#
# If you would like to submit a bug report, please visit:
#   http://bugreport.sun.com/bugreport/crash.jsp
#

---------------  T H R E A D  ---------------

Current thread (0x003c8000):  JavaThread "main" [_thread_in_vm, id=3700, stack(0x00900000,0x00950000)]

siginfo: ExceptionCode=0xc0000005, reading address 0x00000039

Registers:
EAX=0x00000001, EBX=0x00000001, ECX=0x00000001, EDX=0x375799e0
ESP=0x0094f0a8, EBP=0x0094f0b0, ESI=0x00000001, EDI=0x003c8000
EIP=0x6e859647, EFLAGS=0x00010297

Top of Stack: (sp=0x0094f0a8)
0x0094f0a8:   003c7df0 00000001 0094f0fc 6e7eaf92
0x0094f0b8:   003c8b7c 003c8000 00000000 003c8000
0x0094f0c8:   37fa7b38 003c8000 003c8b50 00000001
0x0094f0d8:   0094f001 caae98c0 00000000 0094f104
0x0094f0e8:   6e93232a 00090009 00000009 00000030
0x0094f0f8:   003c8b54 0094f194 6e7eb3a7 0094f190
0x0094f108:   003c8b44 00000000 003c8000 37fa7b38
0x0094f118:   003c8000 029fd3f8 00000000 0000000c 

Instructions: (pc=0x6e859647)
0x6e859627:   41 40 8b 41 38 89 55 fc 89 41 48 89 55 fc 89 51
0x6e859637:   44 8b e5 5d c3 cc cc cc cc 55 8b ec 51 56 8b f1
0x6e859647:   83 7e 38 00 75 60 8b 45 08 50 e8 ca 4d fb ff 8b
0x6e859657:   04 85 30 9e ab 6e 89 46 38 89 46 48 8b 46 18 8b 


Register to memory mapping:

EAX=0x00000001 is an unknown value
EBX=0x00000001 is an unknown value
ECX=0x00000001 is an unknown value
EDX=0x375799e0 is an oop
{method} 
 - klass: {other class}
ESP=0x0094f0a8 is pointing into the stack for thread: 0x003c8000
EBP=0x0094f0b0 is pointing into the stack for thread: 0x003c8000
ESI=0x00000001 is an unknown value
EDI=0x003c8000 is a thread


Stack: [0x00900000,0x00950000],  sp=0x0094f0a8,  free space=316k
Native frames: (J=compiled Java code, j=interpreted, Vv=VM code, C=native code)
V  [jvm.dll+0x99647]
V  [jvm.dll+0x2af92]
V  [jvm.dll+0x2b3a7]
V  [jvm.dll+0x2c6c9]
V  [jvm.dll+0x2cd4b]
V  [jvm.dll+0x2cd9a]
V  [jvm.dll+0x789dc]
V  [jvm.dll+0x50441]
j  javax.swing.LookAndFeel.loadKeyBindings(Ljavax/swing/InputMap;[Ljava/lang/Object;)V+24
j  javax.swing.LookAndFeel.makeInputMap([Ljava/lang/Object;)Ljavax/swing/InputMap;+10
j  javax.swing.UIDefaults$LazyInputMap.createValue(Ljavax/swing/UIDefaults;)Ljava/lang/Object;+11
j  javax.swing.UIDefaults.getFromHashtable(Ljava/lang/Object;)Ljava/lang/Object;+126
j  javax.swing.UIDefaults.get(Ljava/lang/Object;Ljava/util/Locale;)Ljava/lang/Object;+2
j  javax.swing.MultiUIDefaults.get(Ljava/lang/Object;Ljava/util/Locale;)Ljava/lang/Object;+50
j  javax.swing.UIManager.get(Ljava/lang/Object;Ljava/util/Locale;)Ljava/lang/Object;+5
j  sun.swing.DefaultLookup.get(Ljavax/swing/JComponent;Ljavax/swing/plaf/ComponentUI;Ljava/lang/String;)Ljava/lang/Object;+34
j  javax.swing.plaf.basic.BasicRootPaneUI.getInputMap(ILjavax/swing/JComponent;)Ljavax/swing/InputMap;+9
j  javax.swing.plaf.basic.BasicRootPaneUI.installKeyboardActions(Ljavax/swing/JRootPane;)V+16
j  javax.swing.plaf.basic.BasicRootPaneUI.installUI(Ljavax/swing/JComponent;)V+29
j  javax.swing.plaf.metal.MetalRootPaneUI.installUI(Ljavax/swing/JComponent;)V+2
j  javax.swing.JComponent.setUI(Ljavax/swing/plaf/ComponentUI;)V+39
j  javax.swing.JRootPane.setUI(Ljavax/swing/plaf/RootPaneUI;)V+2
j  javax.swing.JRootPane.updateUI()V+8
j  javax.swing.JRootPane.<init>()V+47
j  javax.swing.JFrame.createRootPane()Ljavax/swing/JRootPane;+4
j  javax.swing.JFrame.frameInit()V+16
j  javax.swing.JFrame.<init>()V+20
j  StdDraw.init()V+23
j  StdDraw.<clinit>()V+247
v  ~StubRoutines::call_stub
V  [jvm.dll+0x124afa]
V  [jvm.dll+0x1d224e]
V  [jvm.dll+0x124b7d]
V  [jvm.dll+0x88876]
V  [jvm.dll+0x8925e]
V  [jvm.dll+0x8967a]
V  [jvm.dll+0x89958]
V  [jvm.dll+0x557fb]
V  [jvm.dll+0x56076]
V  [jvm.dll+0x56330]
V  [jvm.dll+0x52880]
j  MainMenu.<init>(II)V+6
j  Start.main([Ljava/lang/String;)V+9
v  ~StubRoutines::call_stub
V  [jvm.dll+0x124afa]
V  [jvm.dll+0x1d224e]
V  [jvm.dll+0x124b7d]
V  [jvm.dll+0xab0cf]
V  [jvm.dll+0xb5397]
C  [javaw.exe+0x206c]
C  [javaw.exe+0xa5b1]
C  [javaw.exe+0xa63b]
C  [kernel32.dll+0xb713]  GetModuleFileNameA+0x1b4

Java frames: (J=compiled Java code, j=interpreted, Vv=VM code)
j  javax.swing.LookAndFeel.loadKeyBindings(Ljavax/swing/InputMap;[Ljava/lang/Object;)V+24
j  javax.swing.LookAndFeel.makeInputMap([Ljava/lang/Object;)Ljavax/swing/InputMap;+10
j  javax.swing.UIDefaults$LazyInputMap.createValue(Ljavax/swing/UIDefaults;)Ljava/lang/Object;+11
j  javax.swing.UIDefaults.getFromHashtable(Ljava/lang/Object;)Ljava/lang/Object;+126
j  javax.swing.UIDefaults.get(Ljava/lang/Object;Ljava/util/Locale;)Ljava/lang/Object;+2
j  javax.swing.MultiUIDefaults.get(Ljava/lang/Object;Ljava/util/Locale;)Ljava/lang/Object;+50
j  javax.swing.UIManager.get(Ljava/lang/Object;Ljava/util/Locale;)Ljava/lang/Object;+5
j  sun.swing.DefaultLookup.get(Ljavax/swing/JComponent;Ljavax/swing/plaf/ComponentUI;Ljava/lang/String;)Ljava/lang/Object;+34
j  javax.swing.plaf.basic.BasicRootPaneUI.getInputMap(ILjavax/swing/JComponent;)Ljavax/swing/InputMap;+9
j  javax.swing.plaf.basic.BasicRootPaneUI.installKeyboardActions(Ljavax/swing/JRootPane;)V+16
j  javax.swing.plaf.basic.BasicRootPaneUI.installUI(Ljavax/swing/JComponent;)V+29
j  javax.swing.plaf.metal.MetalRootPaneUI.installUI(Ljavax/swing/JComponent;)V+2
j  javax.swing.JComponent.setUI(Ljavax/swing/plaf/ComponentUI;)V+39
j  javax.swing.JRootPane.setUI(Ljavax/swing/plaf/RootPaneUI;)V+2
j  javax.swing.JRootPane.updateUI()V+8
j  javax.swing.JRootPane.<init>()V+47
j  javax.swing.JFrame.createRootPane()Ljavax/swing/JRootPane;+4
j  javax.swing.JFrame.frameInit()V+16
j  javax.swing.JFrame.<init>()V+20
j  StdDraw.init()V+23
j  StdDraw.<clinit>()V+247
v  ~StubRoutines::call_stub
j  MainMenu.<init>(II)V+6
j  Start.main([Ljava/lang/String;)V+9
v  ~StubRoutines::call_stub

---------------  P R O C E S S  ---------------

Java Threads: ( => current thread )
  0x02addc00 JavaThread "AWT-Windows" daemon [_thread_in_native, id=2664, stack(0x02f70000,0x02fc0000)]
  0x02adc400 JavaThread "AWT-Shutdown" [_thread_blocked, id=1692, stack(0x02f20000,0x02f70000)]
  0x02adb000 JavaThread "Java2D Disposer" daemon [_thread_blocked, id=3356, stack(0x02ed0000,0x02f20000)]
  0x02aa0400 JavaThread "Service Thread" daemon [_thread_blocked, id=3176, stack(0x02e30000,0x02e80000)]
  0x02a95800 JavaThread "C1 CompilerThread0" daemon [_thread_blocked, id=3848, stack(0x02de0000,0x02e30000)]
  0x02a93c00 JavaThread "Attach Listener" daemon [_thread_blocked, id=3708, stack(0x02d90000,0x02de0000)]
  0x02a92800 JavaThread "Signal Dispatcher" daemon [_thread_blocked, id=3264, stack(0x02d40000,0x02d90000)]
  0x02a84400 JavaThread "Finalizer" daemon [_thread_blocked, id=384, stack(0x02cf0000,0x02d40000)]
  0x02a7f800 JavaThread "Reference Handler" daemon [_thread_blocked, id=2432, stack(0x02ca0000,0x02cf0000)]
=>0x003c8000 JavaThread "main" [_thread_in_vm, id=3700, stack(0x00900000,0x00950000)]

Other Threads:
  0x02a7dc00 VMThread [stack: 0x02c50000,0x02ca0000] [id=448]
  0x02ab3c00 WatcherThread [stack: 0x02e80000,0x02ed0000] [id=2896]

VM state:not at safepoint (normal execution)

VM Mutex/Monitor currently owned by a thread: None

Heap
 def new generation   total 4864K, used 832K [0x22af0000, 0x23030000, 0x27f90000)
  eden space 4352K,  19% used [0x22af0000, 0x22bc00d8, 0x22f30000)
  from space 512K,   0% used [0x22f30000, 0x22f30000, 0x22fb0000)
  to   space 512K,   0% used [0x22fb0000, 0x22fb0000, 0x23030000)
 tenured generation   total 10880K, used 0K [0x27f90000, 0x28a30000, 0x328f0000)
   the space 10880K,   0% used [0x27f90000, 0x27f90000, 0x27f90200, 0x28a30000)
 compacting perm gen  total 12288K, used 423K [0x328f0000, 0x334f0000, 0x368f0000)
   the space 12288K,   3% used [0x328f0000, 0x32959dc0, 0x32959e00, 0x334f0000)
    ro space 10240K,  42% used [0x368f0000, 0x36d34240, 0x36d34400, 0x372f0000)
    rw space 12288K,  54% used [0x372f0000, 0x37974d58, 0x37974e00, 0x37ef0000)

Card table byte_map: [0x02af0000,0x02ba0000] byte_map_base: 0x029da880

Polling page: 0x003f0000

Code Cache  [0x00970000, 0x00a10000, 0x02970000)
 total_blobs=199 nmethods=26 adapters=108 free_code_cache=32135Kb largest_free_block=32906240

Compilation events (10 events):
Event: 0.229 Thread 0x02a95800   21             java.lang.CharacterData::of (120 bytes)
Event: 0.229 Thread 0x02a95800 nmethod 21 0x00a0d3c8 code [0x00a0d500, 0x00a0d860]
Event: 0.229 Thread 0x02a95800   22             java.lang.CharacterDataLatin1::getProperties (11 bytes)
Event: 0.229 Thread 0x02a95800 nmethod 22 0x00a0da88 code [0x00a0db80, 0x00a0dc20]
Event: 0.229 Thread 0x02a95800   23             java.lang.Character::toLowerCase (9 bytes)
Event: 0.230 Thread 0x02a95800 nmethod 23 0x00a0dcc8 code [0x00a0ddd0, 0x00a0de78]
Event: 0.230 Thread 0x02a95800   24             java.lang.CharacterDataLatin1::toLowerCase (39 bytes)
Event: 0.230 Thread 0x02a95800 nmethod 24 0x00a0df08 code [0x00a0e000, 0x00a0e0e0]
Event: 0.230 Thread 0x02a95800   26             java.lang.AbstractStringBuilder::ensureCapacityInternal (16 bytes)
Event: 0.230 Thread 0x02a95800 nmethod 26 0x00a0e1c8 code [0x00a0e2d0, 0x00a0e37c]

GC Heap History (0 events):
No events

Deoptimization events (0 events):
No events

Internal exceptions (5 events):
Event: 0.038 Thread 0x003c8000 Threw 0x22af11d8 at C:\jdk7u2_32P\jdk7u25\hotspot\src\share\vm\prims\jni.cpp:3994
Event: 0.089 Thread 0x003c8000 Threw 0x22b26890 at C:\jdk7u2_32P\jdk7u25\hotspot\src\share\vm\prims\jvm.cpp:1235
Event: 0.099 Thread 0x003c8000 Threw 0x22b2bbc0 at C:\jdk7u2_32P\jdk7u25\hotspot\src\share\vm\prims\jvm.cpp:1235
Event: 0.101 Thread 0x003c8000 Threw 0x22b2de28 at C:\jdk7u2_32P\jdk7u25\hotspot\src\share\vm\prims\jvm.cpp:1235
Event: 0.119 Thread 0x003c8000 Threw 0x22b3f2e8 at C:\jdk7u2_32P\jdk7u25\hotspot\src\share\vm\prims\jni.cpp:716

Events (10 events):
Event: 0.226 loading class 0x37fd0040
Event: 0.226 loading class 0x37fd0040 done
Event: 0.229 loading class 0x37fc40d0
Event: 0.229 loading class 0x37fc40d0 done
Event: 0.231 loading class 0x37fbe970
Event: 0.231 loading class 0x37fbe970 done
Event: 0.232 loading class 0x37fc0440
Event: 0.232 loading class 0x37fc0440 done
Event: 0.232 loading class 0x37fc0078
Event: 0.232 loading class 0x37fc0078 done


Dynamic libraries:
0x00400000 - 0x0042f000 	C:\Programme\Java\jre7\bin\javaw.exe
0x7c910000 - 0x7c9c6000 	C:\WINDOWS\system32\ntdll.dll
0x7c800000 - 0x7c908000 	C:\WINDOWS\system32\kernel32.dll
0x77da0000 - 0x77e4a000 	C:\WINDOWS\system32\ADVAPI32.dll
0x77e50000 - 0x77ee2000 	C:\WINDOWS\system32\RPCRT4.dll
0x77fc0000 - 0x77fd1000 	C:\WINDOWS\system32\Secur32.dll
0x7e360000 - 0x7e3f1000 	C:\WINDOWS\system32\USER32.dll
0x77ef0000 - 0x77f39000 	C:\WINDOWS\system32\GDI32.dll
0x773a0000 - 0x774a3000 	C:\WINDOWS\WinSxS\x86_Microsoft.Windows.Common-Controls_6595b64144ccf1df_6.0.2600.5512_x-ww_35d4ce83\COMCTL32.dll
0x77be0000 - 0x77c38000 	C:\WINDOWS\system32\msvcrt.dll
0x77f40000 - 0x77fb6000 	C:\WINDOWS\system32\SHLWAPI.dll
0x76330000 - 0x7634d000 	C:\WINDOWS\system32\IMM32.DLL
0x78aa0000 - 0x78b5e000 	C:\Programme\Java\jre7\bin\msvcr100.dll
0x6e7c0000 - 0x6eb02000 	C:\Programme\Java\jre7\bin\client\jvm.dll
0x71a30000 - 0x71a3a000 	C:\WINDOWS\system32\WSOCK32.dll
0x71a10000 - 0x71a27000 	C:\WINDOWS\system32\WS2_32.dll
0x71a00000 - 0x71a08000 	C:\WINDOWS\system32\WS2HELP.dll
0x76af0000 - 0x76b1e000 	C:\WINDOWS\system32\WINMM.dll
0x76bb0000 - 0x76bbb000 	C:\WINDOWS\system32\PSAPI.DLL
0x6e710000 - 0x6e71c000 	C:\Programme\Java\jre7\bin\verify.dll
0x6d4d0000 - 0x6d4f0000 	C:\Programme\Java\jre7\bin\java.dll
0x6e7a0000 - 0x6e7b3000 	C:\Programme\Java\jre7\bin\zip.dll
0x6d000000 - 0x6d144000 	C:\Programme\Java\jre7\bin\awt.dll
0x770f0000 - 0x7717b000 	C:\WINDOWS\system32\OLEAUT32.dll
0x774b0000 - 0x775ed000 	C:\WINDOWS\system32\ole32.dll
0x5b0f0000 - 0x5b128000 	C:\WINDOWS\system32\uxtheme.dll
0x746a0000 - 0x746ec000 	C:\WINDOWS\system32\MSCTF.dll
0x75250000 - 0x7527e000 	C:\WINDOWS\system32\msctfime.ime
0x7e670000 - 0x7ee91000 	C:\WINDOWS\system32\SHELL32.dll
0x59dd0000 - 0x59e71000 	C:\WINDOWS\system32\dbghelp.dll
0x77bd0000 - 0x77bd8000 	C:\WINDOWS\system32\VERSION.dll

VM Arguments:
jvm_args: -Dfile.encoding=Cp1252 
java_command: Start
Launcher Type: SUN_STANDARD

Environment Variables:
PATH=C:/Programme/Java/jre7/bin/client;C:/Programme/Java/jre7/bin;C:/Programme/Java/jre7/lib/i386;C:\WINDOWS\system32;C:\WINDOWS;C:\WINDOWS\System32\Wbem;C:\Programme\MiKTeX 2\miktex\bin\;C:\Programme\eclipse;
USERNAME=Karoline Bechtel
OS=Windows_NT
PROCESSOR_IDENTIFIER=x86 Family 15 Model 6 Stepping 2, GenuineIntel



---------------  S Y S T E M  ---------------

OS: Windows XP Build 2600 Service Pack 3

CPU:total 2 (1 cores per cpu, 2 threads per core) family 15 model 6 stepping 2, cmov, cx8, fxsr, mmx, sse, sse2, sse3, ht, tsc

Memory: 4k page, physical 1038764k(147544k free), swap 2500404k(1358116k free)

vm_info: Java HotSpot(TM) Client VM (23.25-b01) for windows-x86 JRE (1.7.0_25-b16), built on Jun 12 2013 20:29:09 by "java_re" with unknown MS VC++:1600

time: Mon Jun 24 21:52:33 2013
elapsed time: 0 seconds

